blueGrass/proguard-rules.txt
# Add project specific ProGuard rules here.
# By default, the flags in this file are appended to flags specified
# in E:\sdk/tools/proguard/proguard-android.txt
# You can edit the include path and order by changing the proguardFiles
# directive in build.gradle.
#
# For more details, see
#   http://developer.android.com/guide/developing/tools/proguard.html

# Add any project specific keep options here:

# If your project uses WebView with JS, uncomment the following
# and specify the fully qualified class name to the JavaScript interface
# class:
#-keepclassmembers class fqcn.of.javascript.interface.for.webview {
#   public *;
#}

# Uncomment this to preserve the line number information for
# debugging stack traces.
#-keepattributes SourceFile,LineNumberTable

# If you keep the line number information, uncomment this to
# hide the original source file name.
#-renamesourcefileattribute SourceFile

# 混淆时不使用大小写混合，混淆后的类名为小写
-dontusemixedcaseclassnames

# 指定不去忽略非公共的库的类
-dontskipnonpubliclibraryclasses

# 保留注解，因为注解是通过反射机制来实现的
-keepattributes *Annotation*


# 保留View中的set和get方法
# keep setters in Views so that animations can still work.
# see http://proguard.sourceforge.net/manual/examples.html#beans
-keepclassmembers public class * extends android.view.View {
   void set*(***);
   *** get*();
}

# 保留Activity当中的View相关方法
# We want to keep methods in Activity that could be used in the XML attribute onClick
-keepclassmembers class * extends android.app.Activity {
   public void *(android.view.View);
}

# 保留资源应用名
-keepclassmembers class **.R$* {
    public static <fields>;
}


# The support library contains references to newer platform versions.
# Don't warn about those in case this app is linking against an older
# platform version.  We know about them, and they are safe.
# 忽略support包下的警告
-dontwarn android.support.**

# Understand the @Keep support annotation.
# 保留support包下的动画
-keep class android.support.annotation.Keep

-keep @android.support.annotation.Keep class * {*;}

-keepclasseswithmembers class * {
    @android.support.annotation.Keep <methods>;
}

-keepclasseswithmembers class * {
    @android.support.annotation.Keep <fields>;
}

-keepclasseswithmembers class * {
    @android.support.annotation.Keep <init>(...);
}

-keep class com.baidu.mapapi.** {*;}
-keep class com.baidu.** {*;}
-keep class mapsdkvi.com.** {*;}
-dontwarn com.baidu.**
-keep class vi.com.gdi.bgl.android.**{*;}
-dontwarn com.squareup.okhttp.**
############### 友盟 #################
-dontwarn com.taobao.**
-dontwarn anet.channel.**
-dontwarn anetwork.channel.**
-dontwarn org.android.**
-dontwarn org.apache.thrift.**
-dontwarn com.xiaomi.**
-dontwarn com.huawei.**

-keepattributes *Annotation*

-keep class com.taobao.** {*;}
-keep class org.android.** {*;}
-keep class anet.channel.** {*;}
-keep class com.umeng.** {*;}
-keep class com.xiaomi.** {*;}
-keep class com.huawei.** {*;}
-keep class org.apache.thrift.** {*;}

-keep class com.alibaba.sdk.android.**{*;}
-keep class com.ut.**{*;}
-keep class com.ta.**{*;}

-keep public class **.R$*{
   public static final int *;
}

#（可选）避免Log打印输出
-assumenosideeffects class android.util.Log {
   public static *** v(...);
   public static *** d(...);
   public static *** i(...);
   public static *** w(...);
 }

-keep class com.reeching.bean.** {*;} #取消com.reeching.bean这个包名路径下所有类和子包的混淆
#okhttp/OKGO
-dontwarn okhttp3.**
-dontwarn okio.**
-keep class okio.**{*;}
-dontwarn javax.annotation.**
-dontwarn org.conscrypt.**
## A resource is loaded with a relative path so the package of this class must be preserved.
-keepnames class okhttp3.internal.publicsuffix.PublicSuffixDatabase
-dontwarn okhttp3.**
-keep class okhttp3.**{*;}

-keep public class * implements java.lang.annotation.Annotation {
  *;
}

#EventBus
-keepattributes *Annotation*
-keepclassmembers class * {
    @org.greenrobot.eventbus.Subscribe <methods>;
}
-keep enum org.greenrobot.eventbus.ThreadMode { *; }

# Only required if you use AsyncExecutor
-keepclassmembers class * extends org.greenrobot.eventbus.util.ThrowableFailureEvent {
    <init>(java.lang.Throwable);
}