blueGrass/build/outputs/mapping/release/seeds.txt
com.reeching.bluegrass.AddHualangLocation
com.reeching.bluegrass.AddHualangLocation: AddHualangLocation()
com.reeching.bluegrass.AlbumActivity
com.reeching.bluegrass.AlbumActivity: AlbumActivity()
com.reeching.bluegrass.AllHistoryInfoActivity
com.reeching.bluegrass.AllHistoryInfoActivity: AllHistoryInfoActivity()
com.reeching.bluegrass.AlterHualangActivity
com.reeching.bluegrass.AlterHualangActivity: AlterHualangActivity()
com.reeching.bluegrass.BeginToCheck
com.reeching.bluegrass.BeginToCheck: BeginToCheck()
com.reeching.bluegrass.BeginToHecha
com.reeching.bluegrass.BeginToHecha: BeginToHecha()
com.reeching.bluegrass.BitmapDisplay
com.reeching.bluegrass.BitmapDisplay: BitmapDisplay()
com.reeching.bluegrass.CheckHualangActivity
com.reeching.bluegrass.CheckHualangActivity: CheckHualangActivity()
com.reeching.bluegrass.GalleryReportActivity
com.reeching.bluegrass.GalleryReportActivity: GalleryReportActivity()
com.reeching.bluegrass.GoHere
com.reeching.bluegrass.GoHere: GoHere()
com.reeching.bluegrass.HaveCheckActivity
com.reeching.bluegrass.HaveCheckActivity: HaveCheckActivity()
com.reeching.bluegrass.HaveCheckActivity: void onClick(android.view.View)
com.reeching.bluegrass.HaveCheckInfoActivity
com.reeching.bluegrass.HaveCheckInfoActivity: HaveCheckInfoActivity()
com.reeching.bluegrass.HaveReportedActivity
com.reeching.bluegrass.HaveReportedActivity: HaveReportedActivity()
com.reeching.bluegrass.HaveVerificationActivity
com.reeching.bluegrass.HaveVerificationActivity: HaveVerificationActivity()
com.reeching.bluegrass.HaveVerificationActivity: void onClick(android.view.View)
com.reeching.bluegrass.HaveVerificationInfoActivity
com.reeching.bluegrass.HaveVerificationInfoActivity: HaveVerificationInfoActivity()
com.reeching.bluegrass.HaveVerificationInfoActivity: void onClick(android.view.View)
com.reeching.bluegrass.HaveVerificationInfoActivity: void onEvent(com.reeching.bean.VideoEntity)
com.reeching.bluegrass.HistoryInfoActivity
com.reeching.bluegrass.HistoryInfoActivity: HistoryInfoActivity()
com.reeching.bluegrass.HuaLangAllHistoryActivity
com.reeching.bluegrass.HuaLangAllHistoryActivity: HuaLangAllHistoryActivity()
com.reeching.bluegrass.HuaLangPlanActivity
com.reeching.bluegrass.HuaLangPlanActivity: HuaLangPlanActivity()
com.reeching.bluegrass.HuaLangSerchActivity
com.reeching.bluegrass.HuaLangSerchActivity: HuaLangSerchActivity()
com.reeching.bluegrass.HuaLangShowingActivity
com.reeching.bluegrass.HuaLangShowingActivity: HuaLangShowingActivity()
com.reeching.bluegrass.HualangHistoryActivity
com.reeching.bluegrass.HualangHistoryActivity: HualangHistoryActivity()
com.reeching.bluegrass.LoginActivity
com.reeching.bluegrass.LoginActivity: LoginActivity()
com.reeching.bluegrass.MainActivity
com.reeching.bluegrass.MainActivity: MainActivity()
com.reeching.bluegrass.MatterActivity
com.reeching.bluegrass.MatterActivity: MatterActivity()
com.reeching.bluegrass.MyEditText
com.reeching.bluegrass.MyEditText: MyEditText(android.content.Context,android.util.AttributeSet)
com.reeching.bluegrass.MyEditText: void setDrawableLeftListener(com.reeching.bluegrass.MyEditText$DrawableLeftListener)
com.reeching.bluegrass.MyEditText: void setDrawableRightListener(com.reeching.bluegrass.MyEditText$DrawableRightListener)
com.reeching.bluegrass.MyScrollview: android.widget.ScrollView getParent_scrollview()
com.reeching.bluegrass.MyScrollview: void setParent_scrollview(android.widget.ScrollView)
com.reeching.bluegrass.MyScrollview: void setParentScrollAble(boolean)
com.reeching.bluegrass.MyShareActivity: void onClick(android.view.View)
com.reeching.bluegrass.NoScrollGridView
com.reeching.bluegrass.NoScrollGridView: NoScrollGridView(android.content.Context,android.util.AttributeSet)
com.reeching.bluegrass.PersionInfoActivity
com.reeching.bluegrass.PersionInfoActivity: PersionInfoActivity()
...
android.support.mediacompat.R$color
android.support.mediacompat.R$color: int notification_action_color_filter
android.support.mediacompat.R$color: int notification_icon_bg_color
android.support.mediacompat.R$color: int notification_material_background_media_default_color
android.support.mediacompat.R$color: int primary_text_default_material_dark
android.support.mediacompat.R$color: int ripple_material_light
android.support.mediacompat.R$color: int secondary_text_default_material_dark
android.support.mediacompat.R$color: int secondary_text_default_material_light
android.support.mediacompat.R$dimen
android.support.mediacompat.R$dimen: int compat_button_inset_horizontal_material
android.support.mediacompat.R$dimen: int compat_button_inset_vertical_material
android.support.mediacompat.R$dimen: int compat_button_padding_horizontal_material
android.support.mediacompat.R$dimen: int compat_button_padding_vertical_material
android.support.mediacompat.R$dimen: int compat_control_corner_material
android.support.mediacompat.R$dimen: int compat_notification_large_icon_max_height
android.support.mediacompat.R$dimen: int compat_notification_large_icon_max_width
android.support.mediacompat.R$dimen: int notification_action_icon_size
android.support.mediacompat.R$dimen: int notification_action_text_size
android.support.mediacompat.R$dimen: int notification_big_circle_margin
android.support.mediacompat.R$dimen: int notification_content_margin_start
android.support.mediacompat.R$dimen: int notification_large_icon_height
android.support.mediacompat.R$dimen: int notification_large_icon_width
android.support.mediacompat.R$dimen: int notification_main_column_padding_top
android.support.mediacompat.R$dimen: int notification_media_narrow_margin
android.support.mediacompat.R$dimen: int notification_right_icon_size
android.support.mediacompat.R$dimen: int notification_right_side_padding_top
android.support.mediacompat.R$dimen: int notification_small_icon_background_padding
android.support.mediacompat.R$dimen: int notification_small_icon_size_as_large
android.support.mediacompat.R$drawable
android.support.mediacompat.R$drawable: int notification_action_background
android.support.mediacompat.R$drawable: int notification_bg
android.support.mediacompat.R$drawable: int notification_bg_low
android.support.mediacompat.R$drawable: int notification_bg_low_normal
android.support.mediacompat.R$drawable: int notification_bg_low_pressed
android.support.mediacompat.R$drawable: int notification_bg_normal
android.support.mediacompat.R$drawable: int notification_bg_normal_pressed
android.support.mediacompat.R$drawable: int notification_icon_background
android.support.mediacompat.R$drawable: int notification_template_icon_bg
android.support.mediacompat.R$drawable: int notification_template_icon_low_bg
android.support.mediacompat.R$drawable: int notification_tile_bg
android.support.mediacompat.R$drawable: int notify_panel_notification_icon_bg