blueGrass/build/outputs/mapping/release/usage.txt
com.reeching.bluegrass.AlbumGridViewAdapter:
    133:133:public int dipToPx(int)
com.reeching.bluegrass.AlbumHelper:
    83:91:void getAlbum()
    94:134:private void getAlbumColumnData(android.database.Cursor)
    221:234:java.lang.String getOriginalImagePath(java.lang.String)
com.reeching.bluegrass.BuildConfig
com.reeching.bluegrass.Compat:
    private static final int SIXTY_FPS_INTERVAL
    8:8:public Compat()
com.reeching.bluegrass.CropSquareTransformation
com.reeching.bluegrass.DialogUtils:
    11:11:public DialogUtils()
    29:39:public static android.app.Dialog requestDialogWithNoTitle(android.content.Context)
    42:46:public static android.app.AlertDialog$Builder progressDialog(android.content.Context,java.lang.String,java.lang.String)
com.reeching.bluegrass.GalleryReportActivity:
    private android.widget.TextView positionTextView
    android.widget.RelativeLayout photo_relativeLayout
com.reeching.bluegrass.GalleryReportActivity$MyPageAdapter:
    215:217:public void setListViews(java.util.ArrayList)
com.reeching.bluegrass.IPhotoView
com.reeching.bluegrass.ImageFileUtils:
    20:20:public ImageFileUtils()
    67:72:public static void delFile(java.lang.String)
    75:86:public static void deleteDir()
    90:98:public static boolean fileIsExists(java.lang.String)
    102:116:public static android.graphics.Bitmap compressByQuality(android.graphics.Bitmap,int)
com.reeching.bluegrass.MainActivity:
    private byte[] bitmapByte
    java.io.File filePath
    165:170:private byte[] getData(android.graphics.Bitmap,java.lang.String)
com.reeching.bluegrass.MyEditText:
    15:24:public MyEditText(android.content.Context,android.util.AttributeSet,int)
    15:32:public MyEditText(android.content.Context)
com.reeching.bluegrass.MyScrollview
com.reeching.bluegrass.MyShareActivity:
    private android.widget.LinearLayout share_fish_tie
    private android.widget.LinearLayout share_other_tie
    private android.widget.EditText edit_share_count
    private android.widget.EditText edit_share_lenth
    private android.widget.EditText edit_share_weight
    public static final int TAKE_PICTURE
    public static final int LOCATION_MAP
    public static final int SELECT_CONDITION
    public static final int EQUIP
    private double mLongitude
    private double mLatitude
    38:102:public MyShareActivity()
    303:303:private void shareToWX()
    309:312:public void systemCamera()
com.reeching.bluegrass.NoScrollGridView:
    9:10:public NoScrollGridView(android.content.Context)
com.reeching.bluegrass.PhotoView:
    42:42:public boolean canZoom()
    156:157:public void zoomTo(float,float,float)
com.reeching.bluegrass.PhotoViewAttacher:
    static final java.lang.String LOG_TAG
    static final int EDGE_NONE
    static final int EDGE_LEFT
    static final int EDGE_RIGHT
    static final int EDGE_BOTH
    public static final float DEFAULT_MAX_SCALE
    public static final float DEFAULT_MID_SCALE
    public static final float DEFAULT_MIN_SCALE
    155:155:public final boolean canZoom()
com.reeching.bluegrass.PhotoViewAttacher$AnimatedZoomRunnable:
    static final float ANIMATION_SCALE_PER_ITERATION_IN
    static final float ANIMATION_SCALE_PER_ITERATION_OUT
com.reeching.bluegrass.PostInfo
com.reeching.bluegrass.R:
    10:10:public R()
com.reeching.bluegrass.SDK16:
    7:7:public SDK16()
com.reeching.bluegrass.SelectPhotoActivity
...
android.support.design.ripple.RippleUtils:
    67:67:private RippleUtils()
android.support.design.shape.CutCornerTreatment
android.support.design.shape.InterpolateOnScrollPositionChangeHelper
android.support.design.shape.InterpolateOnScrollPositionChangeHelper$1
android.support.design.shape.MaterialShapeDrawable:
    79:80:public MaterialShapeDrawable()
    48:96:public MaterialShapeDrawable(android.support.design.shape.ShapePathModel)
    110:110:public android.support.design.shape.ShapePathModel getShapedViewModel()
    119:121:public void setShapedViewModel(android.support.design.shape.ShapePathModel)
    190:190:public boolean isPointInTransparentRegion(int,int)
    199:199:public boolean isShadowEnabled()
    208:210:public void setShadowEnabled(boolean)
    219:219:public float getInterpolation()
    240:240:public int getShadowElevation()
    249:251:public void setShadowElevation(int)
    259:259:public int getShadowRadius()
    268:270:public void setShadowRadius(int)
    278:278:public float getScale()
    287:289:public void setScale(float)
    297:299:public void setUseTintColorForShadow(boolean)
    307:310:public void setShadowColor(int)
    318:318:public android.graphics.Paint$Style getPaintStyle()
    327:329:public void setPaintStyle(android.graphics.Paint$Style)
    337:337:public float getStrokeWidth()
    346:348:public void setStrokeWidth(float)
android.support.design.shape.RoundedCornerTreatment
android.support.design.shape.ShapePath:
    38:42:public ShapePath()
    38:46:public ShapePath(float,float)
    81:90:public void quadToPoint(float,float,float,float)
android.support.design.shape.ShapePath$PathQuadOperation
android.support.design.shape.ShapePathModel:
    40:49:public ShapePathModel()
    57:61:public void setAllCorners(android.support.design.shape.CornerTreatment)
    69:73:public void setAllEdges(android.support.design.shape.EdgeTreatment)
    88:92:public void setCornerTreatments(android.support.design.shape.CornerTreatment,android.support.design.shape.CornerTreatment,android.support.design.shape.CornerTreatment,android.support.design.shape.CornerTreatment)
    107:111:public void setEdgeTreatments(android.support.design.shape.EdgeTreatment,android.support.design.shape.EdgeTreatment,android.support.design.shape.EdgeTreatment,android.support.design.shape.EdgeTreatment)
    128:129:public void setTopLeftCorner(android.support.design.shape.CornerTreatment)
    146:147:public void setTopRightCorner(android.support.design.shape.CornerTreatment)
    164:165:public void setBottomRightCorner(android.support.design.shape.CornerTreatment)
    182:183:public void setBottomLeftCorner(android.support.design.shape.CornerTreatment)
    200:201:public void setTopEdge(android.support.design.shape.EdgeTreatment)
    218:219:public void setRightEdge(android.support.design.shape.EdgeTreatment)
    236:237:public void setBottomEdge(android.support.design.shape.EdgeTreatment)
    254:255:public void setLeftEdge(android.support.design.shape.EdgeTreatment)
android.support.design.shape.TriangleEdgeTreatment
android.support.design.transformation.ExpandableBehavior:
    private static final int STATE_UNINITIALIZED
    private static final int STATE_EXPANDED
    private static final int STATE_COLLAPSED
    156:165:public static android.support.design.transformation.ExpandableBehavior from(android.view.View,java.lang.Class)
android.support.design.transformation.FabTransformationScrimBehavior:
    public static final long EXPAND_DELAY
    public static final long EXPAND_DURATION
    public static final long COLLAPSE_DELAY
    public static final long COLLAPSE_DURATION
android.support.design.transformation.TransformationChildCard:
    35:36:public TransformationChildCard(android.content.Context)
    39:40:public TransformationChildCard(android.content.Context,android.util.AttributeSet)